<?xml version="1.0" encoding="UTF-8"?>
<coverage generated="1778290385938" clover="3.2.0">
  <project timestamp="1778290385938" name="All files">
    <metrics statements="30" coveredstatements="30" conditionals="50" coveredconditionals="44" methods="6" coveredmethods="6" elements="86" coveredelements="80" complexity="0" loc="30" ncloc="30" packages="1" files="2" classes="2"/>
    <file name="calculator.js" path="C:\Users\Tyra\OneDrive\Desktop\Calculator_S3\IMY722_Calculator\src\calculator\calculator.js">
      <metrics statements="20" coveredstatements="20" conditionals="26" coveredconditionals="22" methods="4" coveredmethods="4"/>
      <line num="1" count="1" type="stmt"/>
      <line num="4" count="2" type="cond" truecount="4" falsecount="0"/>
      <line num="5" count="1" type="stmt"/>
      <line num="8" count="1" type="cond" truecount="1" falsecount="1"/>
      <line num="9" count="1" type="stmt"/>
      <line num="14" count="2" type="cond" truecount="4" falsecount="0"/>
      <line num="15" count="1" type="stmt"/>
      <line num="18" count="1" type="cond" truecount="1" falsecount="1"/>
      <line num="19" count="1" type="stmt"/>
      <line num="24" count="2" type="cond" truecount="4" falsecount="0"/>
      <line num="25" count="1" type="stmt"/>
      <line num="28" count="1" type="cond" truecount="1" falsecount="1"/>
      <line num="29" count="1" type="stmt"/>
      <line num="35" count="4" type="cond" truecount="4" falsecount="0"/>
      <line num="36" count="3" type="stmt"/>
      <line num="37" count="3" type="cond" truecount="2" falsecount="0"/>
      <line num="38" count="2" type="stmt"/>
      <line num="40" count="2" type="cond" truecount="1" falsecount="1"/>
      <line num="41" count="2" type="stmt"/>
      <line num="45" count="1" type="stmt"/>
    </file>
    <file name="validation.js" path="C:\Users\Tyra\OneDrive\Desktop\Calculator_S3\IMY722_Calculator\src\calculator\validation.js">
      <metrics statements="10" coveredstatements="10" conditionals="24" coveredconditionals="22" methods="2" coveredmethods="2"/>
      <line num="2" count="26" type="cond" truecount="4" falsecount="0"/>
      <line num="3" count="24" type="cond" truecount="1" falsecount="1"/>
      <line num="4" count="24" type="cond" truecount="4" falsecount="0"/>
      <line num="5" count="21" type="stmt"/>
      <line num="10" count="11" type="cond" truecount="4" falsecount="0"/>
      <line num="11" count="9" type="cond" truecount="1" falsecount="1"/>
      <line num="12" count="9" type="cond" truecount="4" falsecount="0"/>
      <line num="13" count="8" type="cond" truecount="4" falsecount="0"/>
      <line num="14" count="6" type="stmt"/>
      <line num="18" count="2" type="stmt"/>
    </file>
  </project>
</coverage>
