{"C:\\Users\\Tyra\\OneDrive\\Desktop\\Calculator_S3\\IMY722_Calculator\\src\\calculator\\calculator.js": {"path":"C:\\Users\\Tyra\\OneDrive\\Desktop\\Calculator_S3\\IMY722_Calculator\\src\\calculator\\calculator.js","statementMap":{"0":{"start":{"line":1,"column":42},"end":{"line":1,"column":65}},"1":{"start":{"line":4,"column":3},"end":{"line":4,"column":87}},"2":{"start":{"line":4,"column":46},"end":{"line":4,"column":87}},"3":{"start":{"line":5,"column":18},"end":{"line":7,"column":18}},"4":{"start":{"line":8,"column":3},"end":{"line":8,"column":74}},"5":{"start":{"line":8,"column":32},"end":{"line":8,"column":74}},"6":{"start":{"line":9,"column":2},"end":{"line":9,"column":17}},"7":{"start":{"line":14,"column":3},"end":{"line":14,"column":87}},"8":{"start":{"line":14,"column":46},"end":{"line":14,"column":87}},"9":{"start":{"line":15,"column":18},"end":{"line":17,"column":18}},"10":{"start":{"line":18,"column":5},"end":{"line":18,"column":76}},"11":{"start":{"line":18,"column":34},"end":{"line":18,"column":76}},"12":{"start":{"line":19,"column":2},"end":{"line":19,"column":17}},"13":{"start":{"line":24,"column":3},"end":{"line":24,"column":87}},"14":{"start":{"line":24,"column":46},"end":{"line":24,"column":87}},"15":{"start":{"line":25,"column":17},"end":{"line":27,"column":18}},"16":{"start":{"line":28,"column":5},"end":{"line":28,"column":76}},"17":{"start":{"line":28,"column":34},"end":{"line":28,"column":76}},"18":{"start":{"line":29,"column":2},"end":{"line":29,"column":17}},"19":{"start":{"line":35,"column":2},"end":{"line":35,"column":86}},"20":{"start":{"line":35,"column":45},"end":{"line":35,"column":86}},"21":{"start":{"line":36,"column":18},"end":{"line":36,"column":33}},"22":{"start":{"line":37,"column":2},"end":{"line":37,"column":56}},"23":{"start":{"line":37,"column":20},"end":{"line":37,"column":56}},"24":{"start":{"line":38,"column":18},"end":{"line":39,"column":31}},"25":{"start":{"line":40,"column":2},"end":{"line":40,"column":73}},"26":{"start":{"line":40,"column":31},"end":{"line":40,"column":73}},"27":{"start":{"line":41,"column":2},"end":{"line":41,"column":17}},"28":{"start":{"line":45,"column":0},"end":{"line":45,"column":53}}},"fnMap":{"0":{"name":"add","decl":{"start":{"line":3,"column":9},"end":{"line":3,"column":12}},"loc":{"start":{"line":3,"column":19},"end":{"line":10,"column":1}},"line":3},"1":{"name":"subtract","decl":{"start":{"line":13,"column":9},"end":{"line":13,"column":17}},"loc":{"start":{"line":13,"column":24},"end":{"line":20,"column":1}},"line":13},"2":{"name":"multiply","decl":{"start":{"line":23,"column":9},"end":{"line":23,"column":17}},"loc":{"start":{"line":23,"column":24},"end":{"line":30,"column":1}},"line":23},"3":{"name":"divide","decl":{"start":{"line":34,"column":9},"end":{"line":34,"column":15}},"loc":{"start":{"line":34,"column":22},"end":{"line":42,"column":1}},"line":34}},"branchMap":{"0":{"loc":{"start":{"line":4,"column":3},"end":{"line":4,"column":87}},"type":"if","locations":[{"start":{"line":4,"column":3},"end":{"line":4,"column":87}},{"start":{},"end":{}}],"line":4},"1":{"loc":{"start":{"line":4,"column":6},"end":{"line":4,"column":44}},"type":"binary-expr","locations":[{"start":{"line":4,"column":6},"end":{"line":4,"column":23}},{"start":{"line":4,"column":27},"end":{"line":4,"column":44}}],"line":4},"2":{"loc":{"start":{"line":8,"column":3},"end":{"line":8,"column":74}},"type":"if","locations":[{"start":{"line":8,"column":3},"end":{"line":8,"column":74}},{"start":{},"end":{}}],"line":8},"3":{"loc":{"start":{"line":14,"column":3},"end":{"line":14,"column":87}},"type":"if","locations":[{"start":{"line":14,"column":3},"end":{"line":14,"column":87}},{"start":{},"end":{}}],"line":14},"4":{"loc":{"start":{"line":14,"column":6},"end":{"line":14,"column":44}},"type":"binary-expr","locations":[{"start":{"line":14,"column":6},"end":{"line":14,"column":23}},{"start":{"line":14,"column":27},"end":{"line":14,"column":44}}],"line":14},"5":{"loc":{"start":{"line":18,"column":5},"end":{"line":18,"column":76}},"type":"if","locations":[{"start":{"line":18,"column":5},"end":{"line":18,"column":76}},{"start":{},"end":{}}],"line":18},"6":{"loc":{"start":{"line":24,"column":3},"end":{"line":24,"column":87}},"type":"if","locations":[{"start":{"line":24,"column":3},"end":{"line":24,"column":87}},{"start":{},"end":{}}],"line":24},"7":{"loc":{"start":{"line":24,"column":6},"end":{"line":24,"column":44}},"type":"binary-expr","locations":[{"start":{"line":24,"column":6},"end":{"line":24,"column":23}},{"start":{"line":24,"column":27},"end":{"line":24,"column":44}}],"line":24},"8":{"loc":{"start":{"line":28,"column":5},"end":{"line":28,"column":76}},"type":"if","locations":[{"start":{"line":28,"column":5},"end":{"line":28,"column":76}},{"start":{},"end":{}}],"line":28},"9":{"loc":{"start":{"line":35,"column":2},"end":{"line":35,"column":86}},"type":"if","locations":[{"start":{"line":35,"column":2},"end":{"line":35,"column":86}},{"start":{},"end":{}}],"line":35},"10":{"loc":{"start":{"line":35,"column":5},"end":{"line":35,"column":43}},"type":"binary-expr","locations":[{"start":{"line":35,"column":5},"end":{"line":35,"column":22}},{"start":{"line":35,"column":26},"end":{"line":35,"column":43}}],"line":35},"11":{"loc":{"start":{"line":37,"column":2},"end":{"line":37,"column":56}},"type":"if","locations":[{"start":{"line":37,"column":2},"end":{"line":37,"column":56}},{"start":{},"end":{}}],"line":37},"12":{"loc":{"start":{"line":40,"column":2},"end":{"line":40,"column":73}},"type":"if","locations":[{"start":{"line":40,"column":2},"end":{"line":40,"column":73}},{"start":{},"end":{}}],"line":40}},"s":{"0":1,"1":2,"2":1,"3":1,"4":1,"5":0,"6":1,"7":2,"8":1,"9":1,"10":1,"11":0,"12":1,"13":2,"14":1,"15":1,"16":1,"17":0,"18":1,"19":4,"20":1,"21":3,"22":3,"23":1,"24":2,"25":2,"26":0,"27":2,"28":1},"f":{"0":2,"1":2,"2":2,"3":4},"b":{"0":[1,1],"1":[2,1],"2":[0,1],"3":[1,1],"4":[2,1],"5":[0,1],"6":[1,1],"7":[2,2],"8":[0,1],"9":[1,3],"10":[4,4],"11":[1,2],"12":[0,2]},"_coverageSchema":"1a1c01bbd47fc00a2c39e90264f33305004495a9","hash":"5a0a9067617b66a5beab5df3963498f492f85ad0"}
,"C:\\Users\\Tyra\\OneDrive\\Desktop\\Calculator_S3\\IMY722_Calculator\\src\\calculator\\validation.js": {"path":"C:\\Users\\Tyra\\OneDrive\\Desktop\\Calculator_S3\\IMY722_Calculator\\src\\calculator\\validation.js","statementMap":{"0":{"start":{"line":2,"column":4},"end":{"line":2,"column":59}},"1":{"start":{"line":2,"column":46},"end":{"line":2,"column":59}},"2":{"start":{"line":3,"column":4},"end":{"line":3,"column":47}},"3":{"start":{"line":3,"column":34},"end":{"line":3,"column":47}},"4":{"start":{"line":4,"column":3},"end":{"line":4,"column":59}},"5":{"start":{"line":4,"column":46},"end":{"line":4,"column":59}},"6":{"start":{"line":5,"column":4},"end":{"line":5,"column":40}},"7":{"start":{"line":10,"column":2},"end":{"line":10,"column":60}},"8":{"start":{"line":10,"column":47},"end":{"line":10,"column":60}},"9":{"start":{"line":11,"column":2},"end":{"line":11,"column":47}},"10":{"start":{"line":11,"column":34},"end":{"line":11,"column":47}},"11":{"start":{"line":12,"column":2},"end":{"line":12,"column":61}},"12":{"start":{"line":12,"column":48},"end":{"line":12,"column":61}},"13":{"start":{"line":13,"column":2},"end":{"line":13,"column":67}},"14":{"start":{"line":13,"column":54},"end":{"line":13,"column":67}},"15":{"start":{"line":14,"column":2},"end":{"line":14,"column":39}},"16":{"start":{"line":18,"column":0},"end":{"line":18,"column":51}}},"fnMap":{"0":{"name":"validateInput","decl":{"start":{"line":1,"column":9},"end":{"line":1,"column":22}},"loc":{"start":{"line":1,"column":30},"end":{"line":7,"column":1}},"line":1},"1":{"name":"validateOutput","decl":{"start":{"line":9,"column":9},"end":{"line":9,"column":23}},"loc":{"start":{"line":9,"column":32},"end":{"line":16,"column":1}},"line":9}},"branchMap":{"0":{"loc":{"start":{"line":2,"column":4},"end":{"line":2,"column":59}},"type":"if","locations":[{"start":{"line":2,"column":4},"end":{"line":2,"column":59}},{"start":{},"end":{}}],"line":2},"1":{"loc":{"start":{"line":2,"column":7},"end":{"line":2,"column":44}},"type":"binary-expr","locations":[{"start":{"line":2,"column":7},"end":{"line":2,"column":21}},{"start":{"line":2,"column":25},"end":{"line":2,"column":44}}],"line":2},"2":{"loc":{"start":{"line":3,"column":4},"end":{"line":3,"column":47}},"type":"if","locations":[{"start":{"line":3,"column":4},"end":{"line":3,"column":47}},{"start":{},"end":{}}],"line":3},"3":{"loc":{"start":{"line":4,"column":3},"end":{"line":4,"column":59}},"type":"if","locations":[{"start":{"line":4,"column":3},"end":{"line":4,"column":59}},{"start":{},"end":{}}],"line":4},"4":{"loc":{"start":{"line":4,"column":6},"end":{"line":4,"column":44}},"type":"binary-expr","locations":[{"start":{"line":4,"column":6},"end":{"line":4,"column":24}},{"start":{"line":4,"column":28},"end":{"line":4,"column":44}}],"line":4},"5":{"loc":{"start":{"line":10,"column":2},"end":{"line":10,"column":60}},"type":"if","locations":[{"start":{"line":10,"column":2},"end":{"line":10,"column":60}},{"start":{},"end":{}}],"line":10},"6":{"loc":{"start":{"line":10,"column":6},"end":{"line":10,"column":45}},"type":"binary-expr","locations":[{"start":{"line":10,"column":6},"end":{"line":10,"column":21}},{"start":{"line":10,"column":25},"end":{"line":10,"column":45}}],"line":10},"7":{"loc":{"start":{"line":11,"column":2},"end":{"line":11,"column":47}},"type":"if","locations":[{"start":{"line":11,"column":2},"end":{"line":11,"column":47}},{"start":{},"end":{}}],"line":11},"8":{"loc":{"start":{"line":12,"column":2},"end":{"line":12,"column":61}},"type":"if","locations":[{"start":{"line":12,"column":2},"end":{"line":12,"column":61}},{"start":{},"end":{}}],"line":12},"9":{"loc":{"start":{"line":12,"column":6},"end":{"line":12,"column":46}},"type":"binary-expr","locations":[{"start":{"line":12,"column":6},"end":{"line":12,"column":25}},{"start":{"line":12,"column":29},"end":{"line":12,"column":46}}],"line":12},"10":{"loc":{"start":{"line":13,"column":2},"end":{"line":13,"column":67}},"type":"if","locations":[{"start":{"line":13,"column":2},"end":{"line":13,"column":67}},{"start":{},"end":{}}],"line":13},"11":{"loc":{"start":{"line":13,"column":6},"end":{"line":13,"column":52}},"type":"binary-expr","locations":[{"start":{"line":13,"column":6},"end":{"line":13,"column":28}},{"start":{"line":13,"column":32},"end":{"line":13,"column":52}}],"line":13}},"s":{"0":26,"1":2,"2":24,"3":0,"4":24,"5":3,"6":21,"7":11,"8":2,"9":9,"10":0,"11":9,"12":1,"13":8,"14":2,"15":6,"16":2},"f":{"0":26,"1":11},"b":{"0":[2,24],"1":[26,25],"2":[0,24],"3":[3,21],"4":[24,23],"5":[2,9],"6":[11,10],"7":[0,9],"8":[1,8],"9":[9,9],"10":[2,6],"11":[8,7]},"_coverageSchema":"1a1c01bbd47fc00a2c39e90264f33305004495a9","hash":"aae006e851d1a4c8a389d623b2a5af1dbb32b064"}
}
