TN:
SF:src\calculator\calculator.js
FN:3,add
FN:13,subtract
FN:23,multiply
FN:34,divide
FNF:4
FNH:4
FNDA:2,add
FNDA:2,subtract
FNDA:2,multiply
FNDA:4,divide
DA:1,1
DA:4,2
DA:5,1
DA:8,1
DA:9,1
DA:14,2
DA:15,1
DA:18,1
DA:19,1
DA:24,2
DA:25,1
DA:28,1
DA:29,1
DA:35,4
DA:36,3
DA:37,3
DA:38,2
DA:40,2
DA:41,2
DA:45,1
LF:20
LH:20
BRDA:4,0,0,1
BRDA:4,0,1,1
BRDA:4,1,0,2
BRDA:4,1,1,1
BRDA:8,2,0,0
BRDA:8,2,1,1
BRDA:14,3,0,1
BRDA:14,3,1,1
BRDA:14,4,0,2
BRDA:14,4,1,1
BRDA:18,5,0,0
BRDA:18,5,1,1
BRDA:24,6,0,1
BRDA:24,6,1,1
BRDA:24,7,0,2
BRDA:24,7,1,2
BRDA:28,8,0,0
BRDA:28,8,1,1
BRDA:35,9,0,1
BRDA:35,9,1,3
BRDA:35,10,0,4
BRDA:35,10,1,4
BRDA:37,11,0,1
BRDA:37,11,1,2
BRDA:40,12,0,0
BRDA:40,12,1,2
BRF:26
BRH:22
end_of_record
TN:
SF:src\calculator\validation.js
FN:1,validateInput
FN:9,validateOutput
FNF:2
FNH:2
FNDA:26,validateInput
FNDA:11,validateOutput
DA:2,26
DA:3,24
DA:4,24
DA:5,21
DA:10,11
DA:11,9
DA:12,9
DA:13,8
DA:14,6
DA:18,2
LF:10
LH:10
BRDA:2,0,0,2
BRDA:2,0,1,24
BRDA:2,1,0,26
BRDA:2,1,1,25
BRDA:3,2,0,0
BRDA:3,2,1,24
BRDA:4,3,0,3
BRDA:4,3,1,21
BRDA:4,4,0,24
BRDA:4,4,1,23
BRDA:10,5,0,2
BRDA:10,5,1,9
BRDA:10,6,0,11
BRDA:10,6,1,10
BRDA:11,7,0,0
BRDA:11,7,1,9
BRDA:12,8,0,1
BRDA:12,8,1,8
BRDA:12,9,0,9
BRDA:12,9,1,9
BRDA:13,10,0,2
BRDA:13,10,1,6
BRDA:13,11,0,8
BRDA:13,11,1,7
BRF:24
BRH:22
end_of_record
